{"level":"info","message":"Login page verferified","timestamp":"2018-04-22T21:24:18.800Z"}
{"level":"info","message":"Login page verified","timestamp":"2018-04-22T21:27:01.451Z"}
{"level":"info","message":"Login page verified","timestamp":"2018-04-22T21:53:05.858Z"}
{"level":"info","message":"Login page verified","timestamp":"2018-04-22T21:57:02.299Z"}
{"level":"info","message":"Login page verified","timestamp":"2018-04-22T22:27:33.720Z"}
{"level":"info","message":"Login page verified","timestamp":"2018-04-22T22:30:20.204Z"}
{"level":"info","message":"Login page verified","timestamp":"2018-04-22T22:32:26.303Z"}
{"level":"info","message":"Login page verified","timestamp":"2018-04-22T22:44:24.004Z"}
{"level":"info","message":"Login page verified","timestamp":"2018-04-22T22:45:28.469Z"}
{"level":"info","message":"Login page verified","timestamp":"2018-04-22T22:46:32.765Z"}
{"level":"info","message":"Login page verified","timestamp":"2018-04-22T22:54:06.837Z"}
{"level":"info","message":"Login page verified","timestamp":"2018-04-22T22:55:31.774Z"}
{"level":"info","message":"Login page verified","timestamp":"2018-04-22T22:57:22.463Z"}
{"level":"info","message":"Login page verified","timestamp":"2018-04-22T22:59:32.695Z"}
{"level":"info","message":"Login page verified","timestamp":"2018-04-22T23:01:00.319Z"}
{"level":"info","message":"Login page verified","timestamp":"2018-04-22T23:01:31.260Z"}
{"level":"info","message":"Manager page Verified","timestamp":"2018-04-22T23:01:31.297Z"}
{"level":"info","message":"Login page verified","timestamp":"2018-04-22T23:03:36.067Z"}
{"level":"info","message":"Manager page Verified","timestamp":"2018-04-22T23:03:36.077Z"}
{"level":"info","message":"Login page verified","timestamp":"2018-04-22T23:30:21.221Z"}
{"level":"info","message":"Manager page Verified","timestamp":"2018-04-22T23:30:21.230Z"}
{"level":"info","message":"Login page verified","timestamp":"2018-04-22T23:32:39.122Z"}
{"level":"info","message":"Manager page Verified","timestamp":"2018-04-22T23:32:39.126Z"}
{"level":"info","message":"Login page verified","timestamp":"2018-04-22T23:35:31.510Z"}
{"level":"info","message":"Manager page Verified","timestamp":"2018-04-22T23:35:31.519Z"}
{"level":"info","message":"Login page verified","timestamp":"2018-04-22T23:36:13.533Z"}
{"level":"info","message":"Manager page Verified","timestamp":"2018-04-22T23:36:13.543Z"}
{"level":"info","message":"Login page verified","timestamp":"2018-04-22T23:37:02.042Z"}
{"level":"info","message":"Manager page Verified","timestamp":"2018-04-22T23:37:02.053Z"}
{"level":"info","message":"Login page verified","timestamp":"2018-04-22T23:37:36.205Z"}
{"level":"info","message":"Manager page Verified","timestamp":"2018-04-22T23:37:36.218Z"}
{"level":"info","message":"Login page verified","timestamp":"2018-04-22T23:38:20.481Z"}
{"level":"info","message":"Manager page Verified","timestamp":"2018-04-22T23:38:20.485Z"}
{"level":"info","message":"Login page verified","timestamp":"2018-04-22T23:40:41.693Z"}
{"level":"info","message":"Manager page Verified","timestamp":"2018-04-22T23:40:41.695Z"}
{"level":"info","message":"Login page verified","timestamp":"2018-04-22T23:46:59.603Z"}
{"level":"info","message":"Manager page Verified","timestamp":"2018-04-22T23:46:59.612Z"}
{"level":"info","message":"Login page verified","timestamp":"2018-04-22T23:49:59.517Z"}
{"level":"info","message":"Bank Manager Login verified","timestamp":"2018-04-22T23:49:59.523Z"}
{"level":"info","message":"Manager page Verified","timestamp":"2018-04-22T23:49:59.524Z"}
{"level":"info","message":"Add Customer page verified","timestamp":"2018-04-22T23:49:59.527Z"}
{"level":"info","message":"Customer added","timestamp":"2018-04-22T23:49:59.529Z"}
{"level":"info","message":"Login page verified","timestamp":"2018-04-23T00:10:05.309Z"}
{"level":"info","message":"Bank Manager Login verified","timestamp":"2018-04-23T00:10:05.313Z"}
{"level":"info","message":"Manager page Verified","timestamp":"2018-04-23T00:10:05.313Z"}
{"level":"info","message":"Add Customer page verified","timestamp":"2018-04-23T00:10:05.315Z"}
{"level":"info","message":"Customer added","timestamp":"2018-04-23T00:10:05.315Z"}
{"level":"info","message":"Open Customer page verified","timestamp":"2018-04-23T00:10:05.315Z"}
{"level":"info","message":"Login page verified","timestamp":"2018-04-23T00:12:00.711Z"}
{"level":"info","message":"Bank Manager Login verified","timestamp":"2018-04-23T00:12:00.711Z"}
{"level":"info","message":"Manager page Verified","timestamp":"2018-04-23T00:12:00.711Z"}
{"level":"info","message":"Add Customer page verified","timestamp":"2018-04-23T00:12:00.711Z"}
{"level":"info","message":"Customer added","timestamp":"2018-04-23T00:12:00.727Z"}
{"level":"info","message":"Open Customer page verified","timestamp":"2018-04-23T00:12:00.727Z"}
{"level":"info","message":"Login page verified","timestamp":"2018-04-23T00:24:40.988Z"}
{"level":"info","message":"Bank Manager Login verified","timestamp":"2018-04-23T00:24:40.993Z"}
{"level":"info","message":"Manager page Verified","timestamp":"2018-04-23T00:24:40.994Z"}
{"level":"info","message":"Login page verified","timestamp":"2018-04-23T00:25:22.220Z"}
{"level":"info","message":"Bank Manager Login verified","timestamp":"2018-04-23T00:25:22.221Z"}
{"level":"info","message":"Manager page Verified","timestamp":"2018-04-23T00:25:22.221Z"}
{"level":"info","message":"Add Customer page verified","timestamp":"2018-04-23T00:25:22.221Z"}
{"level":"info","message":"Customer added","timestamp":"2018-04-23T00:25:22.236Z"}
{"level":"info","message":"Open Customer page verified","timestamp":"2018-04-23T00:25:22.236Z"}
{"level":"info","message":"Account opened","timestamp":"2018-04-23T00:25:22.236Z"}
{"level":"info","message":"Login page verified","timestamp":"2018-04-23T00:26:32.983Z"}
{"level":"info","message":"Bank Manager Login verified","timestamp":"2018-04-23T00:26:32.985Z"}
{"level":"info","message":"Manager page Verified","timestamp":"2018-04-23T00:26:32.985Z"}
{"level":"info","message":"Add Customer page verified","timestamp":"2018-04-23T00:26:32.985Z"}
{"level":"info","message":"Customer added","timestamp":"2018-04-23T00:26:32.985Z"}
{"level":"info","message":"Open Customer page verified","timestamp":"2018-04-23T00:26:33.003Z"}
{"level":"info","message":"Account opened","timestamp":"2018-04-23T00:26:33.004Z"}
{"level":"info","message":"Login page verified","timestamp":"2018-04-23T00:34:03.957Z"}
{"level":"info","message":"Bank Manager Login verified","timestamp":"2018-04-23T00:34:03.967Z"}
{"level":"info","message":"Manager page Verified","timestamp":"2018-04-23T00:34:03.969Z"}
{"level":"info","message":"Add Customer page verified","timestamp":"2018-04-23T00:34:03.972Z"}
{"level":"info","message":"Customer added","timestamp":"2018-04-23T00:34:03.974Z"}
{"level":"info","message":"Open Customer page verified","timestamp":"2018-04-23T00:34:03.976Z"}
{"level":"info","message":"Account opened","timestamp":"2018-04-23T00:34:03.978Z"}
{"level":"info","message":"Login page verified","timestamp":"2018-04-23T00:36:09.339Z"}
{"level":"info","message":"Bank Manager Login verified","timestamp":"2018-04-23T00:36:09.344Z"}
{"level":"info","message":"Manager page Verified","timestamp":"2018-04-23T00:36:09.346Z"}
{"level":"info","message":"Add Customer page verified","timestamp":"2018-04-23T00:36:09.348Z"}
{"level":"info","message":"Customer added","timestamp":"2018-04-23T00:36:09.351Z"}
{"level":"info","message":"Open Customer page verified","timestamp":"2018-04-23T00:36:09.352Z"}
{"level":"info","message":"Account opened","timestamp":"2018-04-23T00:36:09.354Z"}
{"level":"info","message":"Login page verified","timestamp":"2018-04-23T00:42:05.249Z"}
{"level":"info","message":"Bank Manager Login verified","timestamp":"2018-04-23T00:42:05.257Z"}
{"level":"info","message":"Manager page Verified","timestamp":"2018-04-23T00:42:05.259Z"}
{"level":"info","message":"Add Customer page verified","timestamp":"2018-04-23T00:42:05.263Z"}
{"level":"info","message":"Customer added","timestamp":"2018-04-23T00:42:05.267Z"}
{"level":"info","message":"Open Customer page verified","timestamp":"2018-04-23T00:42:05.273Z"}
{"level":"info","message":"Account opened","timestamp":"2018-04-23T00:42:05.274Z"}
{"level":"info","message":"Login page verified","timestamp":"2018-04-23T00:44:03.113Z"}
{"level":"info","message":"Bank Manager Login verified","timestamp":"2018-04-23T00:44:03.118Z"}
{"level":"info","message":"Manager page Verified","timestamp":"2018-04-23T00:44:03.119Z"}
{"level":"info","message":"Add Customer page verified","timestamp":"2018-04-23T00:44:03.121Z"}
{"level":"info","message":"Customer added","timestamp":"2018-04-23T00:44:03.123Z"}
{"level":"info","message":"Open Customer page verified","timestamp":"2018-04-23T00:44:03.125Z"}
{"level":"info","message":"Account opened","timestamp":"2018-04-23T00:44:03.126Z"}
{"level":"info","message":"Login page verified","timestamp":"2018-04-23T00:46:35.105Z"}
{"level":"info","message":"Bank Manager Login verified","timestamp":"2018-04-23T00:46:35.108Z"}
{"level":"info","message":"Manager page Verified","timestamp":"2018-04-23T00:46:35.108Z"}
{"level":"info","message":"Add Customer page verified","timestamp":"2018-04-23T00:46:35.110Z"}
{"level":"info","message":"Customer added","timestamp":"2018-04-23T00:46:35.112Z"}
{"level":"info","message":"Open Customer page verified","timestamp":"2018-04-23T00:46:35.113Z"}
{"level":"info","message":"Account opened","timestamp":"2018-04-23T00:46:35.115Z"}
{"level":"info","message":"Login page verified","timestamp":"2018-04-23T00:48:22.167Z"}
{"level":"info","message":"Bank Manager Login verified","timestamp":"2018-04-23T00:48:22.175Z"}
{"level":"info","message":"Manager page Verified","timestamp":"2018-04-23T00:48:22.177Z"}
{"level":"info","message":"Add Customer page verified","timestamp":"2018-04-23T00:48:22.180Z"}
{"level":"info","message":"Customer added","timestamp":"2018-04-23T00:48:22.184Z"}
{"level":"info","message":"Open Customer page verified","timestamp":"2018-04-23T00:48:22.187Z"}
{"level":"info","message":"Account opened","timestamp":"2018-04-23T00:48:22.190Z"}
{"level":"info","message":"Login page verified","timestamp":"2018-04-23T00:51:16.959Z"}
{"level":"info","message":"Bank Manager Login verified","timestamp":"2018-04-23T00:51:16.968Z"}
{"level":"info","message":"Manager page Verified","timestamp":"2018-04-23T00:51:16.970Z"}
{"level":"info","message":"Add Customer page verified","timestamp":"2018-04-23T00:51:16.973Z"}
{"level":"info","message":"Customer added","timestamp":"2018-04-23T00:51:16.975Z"}
{"level":"info","message":"Open Customer page verified","timestamp":"2018-04-23T00:51:16.977Z"}
{"level":"info","message":"Account opened","timestamp":"2018-04-23T00:51:16.979Z"}
{"level":"info","message":"Login page verified","timestamp":"2018-04-23T00:53:06.711Z"}
{"level":"info","message":"Bank Manager Login verified","timestamp":"2018-04-23T00:53:06.712Z"}
{"level":"info","message":"Manager page Verified","timestamp":"2018-04-23T00:53:06.712Z"}
{"level":"info","message":"Add Customer page verified","timestamp":"2018-04-23T00:53:06.712Z"}
{"level":"info","message":"Customer added","timestamp":"2018-04-23T00:53:06.727Z"}
{"level":"info","message":"Open Customer page verified","timestamp":"2018-04-23T00:53:06.730Z"}
{"level":"info","message":"Account opened","timestamp":"2018-04-23T00:53:06.731Z"}
{"level":"info","message":"Login page verified","timestamp":"2018-04-23T00:53:48.729Z"}
{"level":"info","message":"Bank Manager Login verified","timestamp":"2018-04-23T00:53:48.733Z"}
{"level":"info","message":"Manager page Verified","timestamp":"2018-04-23T00:53:48.734Z"}
{"level":"info","message":"Add Customer page verified","timestamp":"2018-04-23T00:53:48.736Z"}
{"level":"info","message":"Customer added","timestamp":"2018-04-23T00:53:48.738Z"}
{"level":"info","message":"Open Customer page verified","timestamp":"2018-04-23T00:53:48.740Z"}
{"level":"info","message":"Account opened","timestamp":"2018-04-23T00:53:48.742Z"}
{"level":"info","message":"Login page verified","timestamp":"2018-04-23T00:54:36.188Z"}
{"level":"info","message":"Bank Manager Login verified","timestamp":"2018-04-23T00:54:36.189Z"}
{"level":"info","message":"Manager page Verified","timestamp":"2018-04-23T00:54:36.189Z"}
{"level":"info","message":"Add Customer page verified","timestamp":"2018-04-23T00:54:36.189Z"}
{"level":"info","message":"Customer added","timestamp":"2018-04-23T00:54:36.205Z"}
{"level":"info","message":"Open Customer page verified","timestamp":"2018-04-23T00:54:36.209Z"}
{"level":"info","message":"Account opened","timestamp":"2018-04-23T00:54:36.212Z"}
{"level":"info","message":"Login page verified","timestamp":"2018-04-23T00:57:09.591Z"}
{"level":"info","message":"Bank Manager Login verified","timestamp":"2018-04-23T00:57:09.592Z"}
{"level":"info","message":"Manager page Verified","timestamp":"2018-04-23T00:57:09.592Z"}
{"level":"info","message":"Add Customer page verified","timestamp":"2018-04-23T00:57:09.592Z"}
{"level":"info","message":"Customer added","timestamp":"2018-04-23T00:57:09.607Z"}
{"level":"info","message":"Open Customer page verified","timestamp":"2018-04-23T00:57:09.607Z"}
{"level":"info","message":"Account opened","timestamp":"2018-04-23T00:57:09.607Z"}
{"level":"info","message":"Login page verified","timestamp":"2018-04-23T01:03:08.891Z"}
{"level":"info","message":"Bank Manager Login verified","timestamp":"2018-04-23T01:03:08.894Z"}
{"level":"info","message":"Manager page Verified","timestamp":"2018-04-23T01:03:08.895Z"}
{"level":"info","message":"Add Customer page verified","timestamp":"2018-04-23T01:03:08.898Z"}
{"level":"info","message":"Customer added","timestamp":"2018-04-23T01:03:08.900Z"}
{"level":"info","message":"Open Customer page verified","timestamp":"2018-04-23T01:03:08.902Z"}
{"level":"info","message":"Account opened","timestamp":"2018-04-23T01:03:08.903Z"}
{"level":"info","message":"Login page verified","timestamp":"2018-04-23T01:03:58.290Z"}
{"level":"info","message":"Bank Manager Login verified","timestamp":"2018-04-23T01:03:58.298Z"}
{"level":"info","message":"Manager page Verified","timestamp":"2018-04-23T01:03:58.300Z"}
{"level":"info","message":"Add Customer page verified","timestamp":"2018-04-23T01:03:58.304Z"}
{"level":"info","message":"Customer added","timestamp":"2018-04-23T01:03:58.308Z"}
{"level":"info","message":"Open Customer page verified","timestamp":"2018-04-23T01:03:58.313Z"}
{"level":"info","message":"Account opened","timestamp":"2018-04-23T01:03:58.317Z"}
{"level":"info","message":"Login page verified","timestamp":"2018-04-23T01:08:35.973Z"}
{"level":"info","message":"Bank Manager Login verified","timestamp":"2018-04-23T01:08:35.974Z"}
{"level":"info","message":"Manager page Verified","timestamp":"2018-04-23T01:08:35.974Z"}
{"level":"info","message":"Add Customer page verified","timestamp":"2018-04-23T01:08:35.974Z"}
{"level":"info","message":"Customer added","timestamp":"2018-04-23T01:08:35.990Z"}
{"level":"info","message":"Open Customer page verified","timestamp":"2018-04-23T01:08:35.990Z"}
{"level":"info","message":"Account opened","timestamp":"2018-04-23T01:08:35.990Z"}
{"level":"info","message":"Login page verified","timestamp":"2018-04-23T01:10:22.899Z"}
{"level":"info","message":"Bank Manager Login verified","timestamp":"2018-04-23T01:10:22.900Z"}
{"level":"info","message":"Manager page Verified","timestamp":"2018-04-23T01:10:22.900Z"}
{"level":"info","message":"Add Customer page verified","timestamp":"2018-04-23T01:10:22.900Z"}
{"level":"info","message":"Customer added","timestamp":"2018-04-23T01:10:22.900Z"}
{"level":"info","message":"Open Customer page verified","timestamp":"2018-04-23T01:10:22.916Z"}
{"level":"info","message":"Account opened","timestamp":"2018-04-23T01:10:22.916Z"}
{"level":"info","message":"Login page verified","timestamp":"2018-04-23T05:31:46.196Z"}
{"level":"info","message":"Bank Manager Login verified","timestamp":"2018-04-23T05:31:46.199Z"}
{"level":"info","message":"Manager page Verified","timestamp":"2018-04-23T05:31:46.200Z"}
{"level":"info","message":"Add Customer page verified","timestamp":"2018-04-23T05:31:46.201Z"}
{"level":"info","message":"Customer added","timestamp":"2018-04-23T05:31:46.202Z"}
{"level":"info","message":"Open Customer page verified","timestamp":"2018-04-23T05:31:46.206Z"}
{"level":"info","message":"Dollar Account opened","timestamp":"2018-04-23T05:31:46.209Z"}
{"level":"info","message":"Pound Account opened","timestamp":"2018-04-23T05:31:46.212Z"}
{"level":"info","message":"Login page verified","timestamp":"2018-04-23T05:41:50.615Z"}
{"level":"info","message":"Bank Manager Login verified","timestamp":"2018-04-23T05:41:50.624Z"}
{"level":"info","message":"Manager page Verified","timestamp":"2018-04-23T05:41:50.626Z"}
{"level":"info","message":"Add Customer page verified","timestamp":"2018-04-23T05:41:50.630Z"}
{"level":"info","message":"Customer added","timestamp":"2018-04-23T05:41:50.636Z"}
{"level":"info","message":"Open Customer page verified","timestamp":"2018-04-23T05:41:50.640Z"}
{"level":"info","message":"Dollar Account opened","timestamp":"2018-04-23T05:41:50.643Z"}
{"level":"info","message":"Pound Account opened","timestamp":"2018-04-23T05:41:50.644Z"}
{"level":"info","message":"Rupee Account opened","timestamp":"2018-04-23T05:41:50.645Z"}
{"level":"info","message":"Login page verified","timestamp":"2018-04-23T05:42:30.812Z"}
{"level":"info","message":"Bank Manager Login verified","timestamp":"2018-04-23T05:42:30.820Z"}
{"level":"info","message":"Manager page Verified","timestamp":"2018-04-23T05:42:30.822Z"}
{"level":"info","message":"Add Customer page verified","timestamp":"2018-04-23T05:42:30.826Z"}
{"level":"info","message":"Customer added","timestamp":"2018-04-23T05:42:30.830Z"}
{"level":"info","message":"Open Customer page verified","timestamp":"2018-04-23T05:42:30.833Z"}
{"level":"info","message":"Dollar Account opened","timestamp":"2018-04-23T05:42:30.836Z"}
{"level":"info","message":"Pound Account opened","timestamp":"2018-04-23T05:42:30.839Z"}
{"level":"info","message":"Rupee Account opened","timestamp":"2018-04-23T05:42:30.841Z"}
{"level":"info","message":"Login page verified","timestamp":"2018-04-23T05:43:18.889Z"}
{"level":"info","message":"Bank Manager Login verified","timestamp":"2018-04-23T05:43:18.896Z"}
{"level":"info","message":"Manager page Verified","timestamp":"2018-04-23T05:43:18.898Z"}
{"level":"info","message":"Add Customer page verified","timestamp":"2018-04-23T05:43:18.902Z"}
{"level":"info","message":"Customer added","timestamp":"2018-04-23T05:43:18.904Z"}
{"level":"info","message":"Open Customer page verified","timestamp":"2018-04-23T05:43:18.907Z"}
{"level":"info","message":"Dollar Account opened","timestamp":"2018-04-23T05:43:18.908Z"}
{"level":"info","message":"Pound Account opened","timestamp":"2018-04-23T05:43:18.910Z"}
{"level":"info","message":"Rupee Account opened","timestamp":"2018-04-23T05:43:18.911Z"}
{"level":"info","message":"Login page verified","timestamp":"2018-04-23T06:23:18.270Z"}
{"level":"info","message":"Bank Manager Login verified","timestamp":"2018-04-23T06:23:18.277Z"}
{"level":"info","message":"Manager page Verified","timestamp":"2018-04-23T06:23:18.279Z"}
{"level":"info","message":"Add Customer page verified","timestamp":"2018-04-23T06:23:18.283Z"}
{"level":"info","message":"Customer added","timestamp":"2018-04-23T06:23:18.287Z"}
{"level":"info","message":"Open Customer page verified","timestamp":"2018-04-23T06:23:18.289Z"}
{"level":"info","message":"Dollar Account opened","timestamp":"2018-04-23T06:23:18.290Z"}
{"level":"info","message":"Pound Account opened","timestamp":"2018-04-23T06:23:18.291Z"}
{"level":"info","message":"Rupee Account opened","timestamp":"2018-04-23T06:23:18.292Z"}
{"level":"info","message":"Login page verified","timestamp":"2018-04-23T06:25:21.933Z"}
{"level":"info","message":"Bank Manager Login verified","timestamp":"2018-04-23T06:25:21.938Z"}
{"level":"info","message":"Manager page Verified","timestamp":"2018-04-23T06:25:21.939Z"}
{"level":"info","message":"Add Customer page verified","timestamp":"2018-04-23T06:25:21.942Z"}
{"level":"info","message":"Customer added","timestamp":"2018-04-23T06:25:21.945Z"}
{"level":"info","message":"Open Customer page verified","timestamp":"2018-04-23T06:25:21.947Z"}
{"level":"info","message":"Dollar Account opened","timestamp":"2018-04-23T06:25:21.949Z"}
{"level":"info","message":"Pound Account opened","timestamp":"2018-04-23T06:25:21.951Z"}
{"level":"info","message":"Rupee Account opened","timestamp":"2018-04-23T06:25:21.952Z"}
{"level":"info","message":"Login page verified","timestamp":"2018-04-23T06:25:51.098Z"}
{"level":"info","message":"Bank Manager Login verified","timestamp":"2018-04-23T06:25:51.108Z"}
{"level":"info","message":"Manager page Verified","timestamp":"2018-04-23T06:25:51.109Z"}
{"level":"info","message":"Add Customer page verified","timestamp":"2018-04-23T06:25:51.111Z"}
{"level":"info","message":"Customer added","timestamp":"2018-04-23T06:25:51.114Z"}
{"level":"info","message":"Open Customer page verified","timestamp":"2018-04-23T06:25:51.117Z"}
{"level":"info","message":"Dollar Account opened","timestamp":"2018-04-23T06:25:51.119Z"}
{"level":"info","message":"Pound Account opened","timestamp":"2018-04-23T06:25:51.121Z"}
{"level":"info","message":"Rupee Account opened","timestamp":"2018-04-23T06:25:51.123Z"}
{"level":"info","message":"Login page verified","timestamp":"2018-04-23T06:26:40.160Z"}
{"level":"info","message":"Bank Manager Login verified","timestamp":"2018-04-23T06:26:40.168Z"}
{"level":"info","message":"Manager page Verified","timestamp":"2018-04-23T06:26:40.170Z"}
{"level":"info","message":"Add Customer page verified","timestamp":"2018-04-23T06:26:40.173Z"}
{"level":"info","message":"Customer added","timestamp":"2018-04-23T06:26:40.177Z"}
{"level":"info","message":"Open Customer page verified","timestamp":"2018-04-23T06:26:40.181Z"}
{"level":"info","message":"Dollar Account opened","timestamp":"2018-04-23T06:26:40.183Z"}
{"level":"info","message":"Pound Account opened","timestamp":"2018-04-23T06:26:40.186Z"}
{"level":"info","message":"Rupee Account opened","timestamp":"2018-04-23T06:26:40.189Z"}
{"level":"info","message":"Login page verified","timestamp":"2018-04-23T06:30:08.235Z"}
{"level":"info","message":"Bank Manager Login verified","timestamp":"2018-04-23T06:30:08.244Z"}
{"level":"info","message":"Manager page Verified","timestamp":"2018-04-23T06:30:08.246Z"}
{"level":"info","message":"Add Customer page verified","timestamp":"2018-04-23T06:30:08.250Z"}
{"level":"info","message":"Customer added","timestamp":"2018-04-23T06:30:08.254Z"}
{"level":"info","message":"Open Customer page verified","timestamp":"2018-04-23T06:30:08.258Z"}
{"level":"info","message":"Dollar Account opened","timestamp":"2018-04-23T06:30:08.260Z"}
{"level":"info","message":"Pound Account opened","timestamp":"2018-04-23T06:30:08.263Z"}
{"level":"info","message":"Rupee Account opened","timestamp":"2018-04-23T06:30:08.266Z"}
{"level":"info","message":"Login page verified","timestamp":"2018-04-23T06:36:52.572Z"}
{"level":"info","message":"Bank Manager Login verified","timestamp":"2018-04-23T06:36:52.573Z"}
{"level":"info","message":"Manager page Verified","timestamp":"2018-04-23T06:36:52.573Z"}
{"level":"info","message":"Add Customer page verified","timestamp":"2018-04-23T06:36:52.573Z"}
{"level":"info","message":"Customer added","timestamp":"2018-04-23T06:36:52.573Z"}
{"level":"info","message":"Open Customer page verified","timestamp":"2018-04-23T06:36:52.589Z"}
{"level":"info","message":"Dollar Account opened","timestamp":"2018-04-23T06:36:52.589Z"}
{"level":"info","message":"Pound Account opened","timestamp":"2018-04-23T06:36:52.589Z"}
{"level":"info","message":"Rupee Account opened","timestamp":"2018-04-23T06:36:52.589Z"}
{"level":"info","message":"Open Customer page verified","timestamp":"2018-04-23T06:36:52.589Z"}
{"level":"info","message":"customer deleted","timestamp":"2018-04-23T06:36:52.589Z"}
{"level":"info","message":"Login page verified","timestamp":"2018-04-23T06:38:05.702Z"}
{"level":"info","message":"Bank Manager Login verified","timestamp":"2018-04-23T06:38:05.703Z"}
{"level":"info","message":"Manager page Verified","timestamp":"2018-04-23T06:38:05.703Z"}
{"level":"info","message":"Add Customer page verified","timestamp":"2018-04-23T06:38:05.703Z"}
{"level":"info","message":"Customer added","timestamp":"2018-04-23T06:38:05.719Z"}
{"level":"info","message":"Open Customer page verified","timestamp":"2018-04-23T06:38:05.719Z"}
{"level":"info","message":"Dollar Account opened","timestamp":"2018-04-23T06:38:05.719Z"}
{"level":"info","message":"Pound Account opened","timestamp":"2018-04-23T06:38:05.719Z"}
{"level":"info","message":"Rupee Account opened","timestamp":"2018-04-23T06:38:05.719Z"}
{"level":"info","message":"Open Customer page verified","timestamp":"2018-04-23T06:38:05.719Z"}
{"level":"info","message":"customer deleted","timestamp":"2018-04-23T06:38:05.719Z"}
{"level":"info","message":"Login page verified","timestamp":"2018-04-23T06:40:53.150Z"}
{"level":"info","message":"Bank Manager Login verified","timestamp":"2018-04-23T06:40:53.151Z"}
{"level":"info","message":"Manager page Verified","timestamp":"2018-04-23T06:40:53.151Z"}
{"level":"info","message":"Add Customer page verified","timestamp":"2018-04-23T06:40:53.151Z"}
{"level":"info","message":"Customer added","timestamp":"2018-04-23T06:40:53.167Z"}
{"level":"info","message":"Open Customer page verified","timestamp":"2018-04-23T06:40:53.167Z"}
{"level":"info","message":"Dollar Account opened","timestamp":"2018-04-23T06:40:53.167Z"}
{"level":"info","message":"Pound Account opened","timestamp":"2018-04-23T06:40:53.167Z"}
{"level":"info","message":"Rupee Account opened","timestamp":"2018-04-23T06:40:53.167Z"}
{"level":"info","message":"customer deleted","timestamp":"2018-04-23T06:40:53.182Z"}
{"level":"info","message":"Harry Potter customer login page verified","timestamp":"2018-04-23T07:09:32.756Z"}
{"level":"info","message":"Harry Potter customer login page verified","timestamp":"2018-04-23T07:12:19.640Z"}
{"level":"info","message":"Harry Potter customer login page verified","timestamp":"2018-04-23T07:25:16.784Z"}
{"level":"info","message":"Harry Potter customer login page verified","timestamp":"2018-04-23T07:26:01.064Z"}
{"level":"info","message":"Harry Potter customer login page verified","timestamp":"2018-04-23T07:31:14.741Z"}
{"level":"info","message":"Harry Potter customer login page verified","timestamp":"2018-04-23T07:32:46.144Z"}
{"level":"info","message":"Harry Potter customer login page verified","timestamp":"2018-04-23T07:36:00.897Z"}
{"level":"info","message":"Harry Potter customer login page verified","timestamp":"2018-04-23T07:37:21.589Z"}
{"level":"info","message":"Harry Potter customer login page verified","timestamp":"2018-04-23T07:41:22.669Z"}
{"level":"info","message":"Harry Potter customer login page verified","timestamp":"2018-04-23T18:05:57.293Z"}
{"level":"info","message":"Harry Potter customer login page verified","timestamp":"2018-04-23T18:08:21.912Z"}
{"level":"info","message":"Harry Potter customer login page verified","timestamp":"2018-04-23T18:42:27.755Z"}
{"level":"info","message":"Harry Potter customer login page verified","timestamp":"2018-04-23T18:44:36.951Z"}
{"level":"info","message":"Harry Potter customer login page verified","timestamp":"2018-04-23T21:29:25.164Z"}
{"level":"info","message":"Harry Potter customer login page verified","timestamp":"2018-04-23T21:30:00.953Z"}
{"level":"info","message":"Harry Potter customer login page verified","timestamp":"2018-04-23T21:31:20.812Z"}
{"level":"info","message":"Harry Potter customer login page verified","timestamp":"2018-04-23T21:39:07.434Z"}
{"level":"info","message":"Harry Potter customer login page verified","timestamp":"2018-04-23T21:41:10.303Z"}
{"level":"info","message":"Harry Potter customer login page verified","timestamp":"2018-04-23T21:45:44.967Z"}
{"level":"info","message":"Harry Potter customer login page verified","timestamp":"2018-04-23T21:47:38.609Z"}
{"level":"info","message":"Harry Potter customer login page verified","timestamp":"2018-04-23T21:49:15.857Z"}
{"level":"info","message":"Harry Potter customer login page verified","timestamp":"2018-04-23T21:59:43.158Z"}
{"level":"info","message":"Harry Potter customer login page verified","timestamp":"2018-04-23T22:00:49.292Z"}
{"level":"info","message":"Harry Potter customer login page verified","timestamp":"2018-04-23T22:01:45.779Z"}
{"level":"info","message":"Harry Potter customer login page verified","timestamp":"2018-04-23T22:02:17.435Z"}
{"level":"info","message":"Harry Potter customer login page verified","timestamp":"2018-04-23T22:11:10.155Z"}
{"level":"info","message":"Harry Potter customer login page verified","timestamp":"2018-04-23T22:43:32.435Z"}
{"level":"info","message":"Harry Potter customer login page verified","timestamp":"2018-04-23T22:44:35.555Z"}
{"level":"info","message":"Harry Potter customer login page verified","timestamp":"2018-04-23T23:38:51.453Z"}
{"level":"info","message":"Harry Potter customer login page verified","timestamp":"2018-04-23T23:40:24.289Z"}
{"level":"info","message":"Harry Potter customer login page verified","timestamp":"2018-04-23T23:41:50.708Z"}
{"level":"info","message":"Harry Potter customer login page verified","timestamp":"2018-04-23T23:43:25.750Z"}
{"level":"info","message":"Harry Potter customer login page verified","timestamp":"2018-04-23T23:44:02.573Z"}
{"level":"info","message":"Harry Potter customer login page verified","timestamp":"2018-04-23T23:44:56.177Z"}
{"level":"info","message":"Harry Potter customer login page verified","timestamp":"2018-04-23T23:47:23.632Z"}
{"level":"info","message":"Harry Potter customer login page verified","timestamp":"2018-04-23T23:50:47.495Z"}
{"level":"info","message":"Harry Potter customer login page verified","timestamp":"2018-04-23T23:51:30.937Z"}
{"level":"info","message":"Harry Potter customer login page verified","timestamp":"2018-04-24T00:06:34.306Z"}
{"level":"info","message":"transaction page is empty","timestamp":"2018-04-24T00:06:34.312Z"}
{"level":"info","message":"Harry Potter customer login page verified","timestamp":"2018-04-24T00:18:34.383Z"}
{"level":"info","message":"Harry Potter customer login page verified","timestamp":"2018-04-24T00:19:55.990Z"}
{"level":"info","message":"Harry Potter customer login page verified","timestamp":"2018-04-24T00:20:55.068Z"}
{"level":"info","message":"transaction page is empty","timestamp":"2018-04-24T00:20:55.071Z"}
{"level":"info","message":"Harry Potter customer login page verified","timestamp":"2018-04-24T00:21:51.980Z"}
{"level":"info","message":"transaction page is empty","timestamp":"2018-04-24T00:21:51.981Z"}
{"level":"info","message":"Harry Potter customer login page verified","timestamp":"2018-04-24T00:27:52.845Z"}
{"level":"info","message":"transaction page is empty","timestamp":"2018-04-24T00:27:52.848Z"}
{"level":"info","message":"Harry Potter customer login page verified","timestamp":"2018-04-24T00:30:00.954Z"}
{"level":"info","message":"transaction page is empty","timestamp":"2018-04-24T00:30:00.957Z"}
{"level":"info","message":"Harry Potter customer login page verified","timestamp":"2018-04-24T01:06:38.402Z"}
{"level":"info","message":"transaction page is empty","timestamp":"2018-04-24T01:06:38.446Z"}
{"level":"info","message":"Harry Potter customer login page verified","timestamp":"2018-04-24T01:07:11.343Z"}
{"level":"info","message":"transaction page is empty","timestamp":"2018-04-24T01:07:11.348Z"}
{"level":"info","message":"Harry Potter customer login page verified","timestamp":"2018-04-24T01:08:29.330Z"}
{"level":"info","message":"transaction page is empty","timestamp":"2018-04-24T01:08:29.331Z"}
{"level":"info","message":"Harry Potter customer login page verified","timestamp":"2018-04-24T01:08:59.270Z"}
{"level":"info","message":"transaction page is empty","timestamp":"2018-04-24T01:08:59.271Z"}
{"level":"info","message":"Harry Potter customer login page verified","timestamp":"2018-04-24T02:52:21.926Z"}
{"level":"info","message":"Harry Potter customer login page verified","timestamp":"2018-04-24T02:54:43.626Z"}
{"level":"info","message":"Harry Potter customer login page verified","timestamp":"2018-04-24T02:59:31.691Z"}
{"level":"info","message":"Harry Potter customer login page verified","timestamp":"2018-04-24T03:00:26.066Z"}
{"level":"info","message":"Harry Potter customer login page verified","timestamp":"2018-04-24T03:03:37.002Z"}
{"level":"info","message":"Harry Potter customer login page verified","timestamp":"2018-04-24T03:04:54.742Z"}
{"level":"info","message":"Harry Potter customer login page verified","timestamp":"2018-04-24T03:05:36.740Z"}
{"level":"info","message":"Harry Potter customer login page verified","timestamp":"2018-04-24T03:12:14.264Z"}
{"level":"info","message":"Harry Potter customer login page verified","timestamp":"2018-04-24T05:05:08.406Z"}
{"level":"info","message":"Harry Potter customer login page verified","timestamp":"2018-04-24T05:24:50.141Z"}
{"level":"info","message":"Harry Potter customer login page verified","timestamp":"2018-04-24T05:26:03.630Z"}
{"level":"info","message":"Harry Potter customer login page verified","timestamp":"2018-04-24T05:29:31.166Z"}
{"level":"info","message":"Harry Potter customer login page verified","timestamp":"2018-04-24T05:40:44.692Z"}
{"level":"info","message":"Harry Potter customer login page verified","timestamp":"2018-04-24T05:49:52.589Z"}
{"level":"info","message":"Harry Potter customer login page verified","timestamp":"2018-04-24T05:52:58.989Z"}
{"level":"info","message":"Harry Potter customer login page verified","timestamp":"2018-04-24T05:56:19.633Z"}
{"level":"info","message":"Account 1004 has currency type Dollar","timestamp":"2018-04-24T05:56:19.635Z"}
{"level":"info","message":"Harry Potter customer login page verified","timestamp":"2018-04-24T06:03:29.156Z"}
{"level":"error","message":"Account 1004 has currency type Pound","timestamp":"2018-04-24T06:03:29.162Z"}
{"level":"info","message":"Harry Potter customer login page verified","timestamp":"2018-04-24T06:13:39.945Z"}
{"level":"info","message":"Account no.1004 has currency type Dollar","timestamp":"2018-04-24T06:13:39.948Z"}
{"level":"info","message":"Account no.1005 has currency type Pound","timestamp":"2018-04-24T06:13:39.950Z"}
{"level":"info","message":"Account no.1006 has currency type Rupee","timestamp":"2018-04-24T06:13:39.952Z"}
{"level":"info","message":"Harry Potter customer login page verified","timestamp":"2018-04-24T06:15:05.246Z"}
{"level":"info","message":"Account no.1004 has currency type Dollar","timestamp":"2018-04-24T06:15:05.250Z"}
{"level":"info","message":"Account no.1005 has currency type Pound","timestamp":"2018-04-24T06:15:05.252Z"}
{"level":"info","message":"Account no.1006 has currency type Rupee","timestamp":"2018-04-24T06:15:05.254Z"}
{"level":"info","message":"Harry Potter customer login page verified","timestamp":"2018-04-24T06:16:52.454Z"}
{"level":"info","message":"Account no.1004 has currency type Dollar","timestamp":"2018-04-24T06:16:52.457Z"}
{"level":"info","message":"Account no.1005 has currency type Pound","timestamp":"2018-04-24T06:16:52.458Z"}
{"level":"info","message":"Account no.1006 has currency type Rupee","timestamp":"2018-04-24T06:16:52.459Z"}
{"level":"info","message":"Harry Potter customer login page verified","timestamp":"2018-04-24T06:30:16.008Z"}
{"level":"info","message":"Account no.1004 has currency type Dollar","timestamp":"2018-04-24T06:30:16.011Z"}
{"level":"info","message":"Account no.1005 has currency type Pound","timestamp":"2018-04-24T06:30:16.011Z"}
{"level":"info","message":"Account no.1006 has currency type Rupee","timestamp":"2018-04-24T06:30:16.011Z"}
{"level":"info","message":"Harry Potter customer login page verified","timestamp":"2018-04-24T06:31:27.586Z"}
{"level":"info","message":"Account no.1004 has currency type Dollar","timestamp":"2018-04-24T06:31:27.587Z"}
{"level":"info","message":"Account no.1005 has currency type Pound","timestamp":"2018-04-24T06:31:27.587Z"}
{"level":"info","message":"Account no.1006 has currency type Rupee","timestamp":"2018-04-24T06:31:27.587Z"}
{"level":"info","message":"Harry Potter customer login page verified","timestamp":"2018-04-24T06:43:57.244Z"}
{"level":"info","message":"Account no.1004 has currency type Dollar","timestamp":"2018-04-24T06:43:57.246Z"}
{"level":"info","message":"Account no.1005 has currency type Pound","timestamp":"2018-04-24T06:43:57.247Z"}
{"level":"info","message":"Account no.1006 has currency type Rupee","timestamp":"2018-04-24T06:43:57.249Z"}
{"level":"info","message":"transaction page is empty","timestamp":"2018-04-24T06:43:57.267Z"}
{"level":"info","message":"Balance is 2000 in the account","timestamp":"2018-04-24T06:43:57.271Z"}
{"level":"info","message":"Harry Potter customer login page verified","timestamp":"2018-04-24T06:54:00.416Z"}
{"level":"info","message":"Account no.1004 has currency type Dollar","timestamp":"2018-04-24T06:54:00.417Z"}
{"level":"info","message":"Account no.1005 has currency type Pound","timestamp":"2018-04-24T06:54:00.417Z"}
{"level":"info","message":"Account no.1006 has currency type Rupee","timestamp":"2018-04-24T06:54:00.417Z"}
{"level":"info","message":"transaction page is empty","timestamp":"2018-04-24T06:54:00.417Z"}
{"level":"info","message":"Balance is 2000 in the account","timestamp":"2018-04-24T06:54:00.417Z"}
{"level":"info","message":"Harry Potter customer login page verified","timestamp":"2018-04-24T06:54:26.850Z"}
{"level":"info","message":"Account no.1004 has currency type Dollar","timestamp":"2018-04-24T06:54:26.851Z"}
{"level":"info","message":"Account no.1005 has currency type Pound","timestamp":"2018-04-24T06:54:26.851Z"}
{"level":"info","message":"Account no.1006 has currency type Rupee","timestamp":"2018-04-24T06:54:26.851Z"}
{"level":"info","message":"transaction page is empty","timestamp":"2018-04-24T06:54:26.867Z"}
{"level":"info","message":"Balance is 2000 in the account","timestamp":"2018-04-24T06:54:26.867Z"}
{"level":"info","message":"Harry Potter customer login page verified","timestamp":"2018-04-24T06:55:28.008Z"}
{"level":"info","message":"Account no.1004 has currency type Dollar","timestamp":"2018-04-24T06:55:28.009Z"}
{"level":"info","message":"Account no.1005 has currency type Pound","timestamp":"2018-04-24T06:55:28.009Z"}
{"level":"info","message":"Account no.1006 has currency type Rupee","timestamp":"2018-04-24T06:55:28.009Z"}
{"level":"info","message":"transaction page is empty","timestamp":"2018-04-24T06:55:28.025Z"}
{"level":"info","message":"Balance is 2000 in the account","timestamp":"2018-04-24T06:55:28.025Z"}
{"level":"info","message":"Harry Potter customer login page verified","timestamp":"2018-04-24T06:59:44.367Z"}
{"level":"info","message":"Account no.1004 has currency type Dollar","timestamp":"2018-04-24T06:59:44.375Z"}
{"level":"info","message":"Account no.1005 has currency type Pound","timestamp":"2018-04-24T06:59:44.378Z"}
{"level":"info","message":"Account no.1006 has currency type Rupee","timestamp":"2018-04-24T06:59:44.379Z"}
{"level":"info","message":"transaction page is empty","timestamp":"2018-04-24T06:59:44.383Z"}
{"level":"info","message":"Balance is 2000 in the account","timestamp":"2018-04-24T06:59:44.386Z"}
{"level":"info","message":"Harry Potter customer login page verified","timestamp":"2018-04-24T07:00:19.473Z"}
{"level":"info","message":"Account no.1004 has currency type Dollar","timestamp":"2018-04-24T07:00:19.479Z"}
{"level":"info","message":"Account no.1005 has currency type Pound","timestamp":"2018-04-24T07:00:19.481Z"}
{"level":"info","message":"Account no.1006 has currency type Rupee","timestamp":"2018-04-24T07:00:19.482Z"}
{"level":"info","message":"transaction page is empty","timestamp":"2018-04-24T07:00:19.486Z"}
{"level":"info","message":"Balance is 2000 in the account","timestamp":"2018-04-24T07:00:19.491Z"}
{"level":"info","message":"Harry Potter customer login page verified","timestamp":"2018-04-24T07:05:14.138Z"}
{"level":"info","message":"Account no.1004 has currency type Dollar","timestamp":"2018-04-24T07:05:14.141Z"}
{"level":"info","message":"Account no.1005 has currency type Pound","timestamp":"2018-04-24T07:05:14.142Z"}
{"level":"info","message":"Account no.1006 has currency type Rupee","timestamp":"2018-04-24T07:05:14.144Z"}
{"level":"info","message":"transaction page is empty","timestamp":"2018-04-24T07:05:14.147Z"}
{"level":"info","message":"Balance is 2000 in the account","timestamp":"2018-04-24T07:05:14.150Z"}
{"level":"info","message":"Harry Potter customer login page verified","timestamp":"2018-04-24T07:08:10.544Z"}
{"level":"info","message":"Account no.1004 has currency type Dollar","timestamp":"2018-04-24T07:08:10.546Z"}
{"level":"info","message":"Account no.1005 has currency type Pound","timestamp":"2018-04-24T07:08:10.546Z"}
{"level":"info","message":"Account no.1006 has currency type Rupee","timestamp":"2018-04-24T07:08:10.546Z"}
{"level":"info","message":"transaction page is empty","timestamp":"2018-04-24T07:08:10.546Z"}
{"level":"info","message":"Balance is 2000 in the account","timestamp":"2018-04-24T07:08:10.546Z"}
{"level":"info","message":"Row value obtained","timestamp":"2018-04-24T07:08:10.562Z"}
{"level":"info","message":"Harry Potter customer login page verified","timestamp":"2018-04-24T07:11:15.529Z"}
{"level":"info","message":"Account no.1004 has currency type Dollar","timestamp":"2018-04-24T07:11:15.530Z"}
{"level":"info","message":"Account no.1005 has currency type Pound","timestamp":"2018-04-24T07:11:15.530Z"}
{"level":"info","message":"Account no.1006 has currency type Rupee","timestamp":"2018-04-24T07:11:15.530Z"}
{"level":"info","message":"transaction page is empty","timestamp":"2018-04-24T07:11:15.546Z"}
{"level":"info","message":"Balance is 2000 in the account","timestamp":"2018-04-24T07:11:15.546Z"}
{"level":"info","message":"Row value obtained","timestamp":"2018-04-24T07:11:15.546Z"}
{"level":"info","message":"Harry Potter customer login page verified","timestamp":"2018-04-24T07:13:29.639Z"}
{"level":"info","message":"Account no.1004 has currency type Dollar","timestamp":"2018-04-24T07:13:29.643Z"}
{"level":"info","message":"Account no.1005 has currency type Pound","timestamp":"2018-04-24T07:13:29.645Z"}
{"level":"info","message":"Account no.1006 has currency type Rupee","timestamp":"2018-04-24T07:13:29.646Z"}
{"level":"info","message":"transaction page is empty","timestamp":"2018-04-24T07:13:29.650Z"}
{"level":"info","message":"Balance is 2000 in the account","timestamp":"2018-04-24T07:13:29.653Z"}
{"level":"info","message":"Row value obtained","timestamp":"2018-04-24T07:13:29.657Z"}
{"level":"info","message":"Harry Potter customer login page verified","timestamp":"2018-04-24T07:16:18.378Z"}
{"level":"info","message":"Account no.1004 has currency type Dollar","timestamp":"2018-04-24T07:16:18.379Z"}
{"level":"info","message":"Account no.1005 has currency type Pound","timestamp":"2018-04-24T07:16:18.379Z"}
{"level":"info","message":"Account no.1006 has currency type Rupee","timestamp":"2018-04-24T07:16:18.379Z"}
{"level":"info","message":"transaction page is empty","timestamp":"2018-04-24T07:16:18.395Z"}
{"level":"info","message":"Balance is 2000 in the account","timestamp":"2018-04-24T07:16:18.395Z"}
{"level":"info","message":"Row value obtained","timestamp":"2018-04-24T07:16:18.395Z"}
{"level":"info","message":"Harry Potter customer login page verified","timestamp":"2018-04-24T07:29:47.103Z"}
{"level":"info","message":"Account no.1004 has currency type Dollar","timestamp":"2018-04-24T07:29:47.110Z"}
{"level":"info","message":"Account no.1005 has currency type Pound","timestamp":"2018-04-24T07:29:47.113Z"}
{"level":"info","message":"Account no.1006 has currency type Rupee","timestamp":"2018-04-24T07:29:47.116Z"}
{"level":"info","message":"transaction page is empty","timestamp":"2018-04-24T07:29:47.121Z"}
{"level":"info","message":"Balance is 2000 in the account","timestamp":"2018-04-24T07:29:47.125Z"}
{"level":"info","message":"Harry Potter customer login page verified","timestamp":"2018-04-24T07:30:17.756Z"}
{"level":"info","message":"Account no.1004 has currency type Dollar","timestamp":"2018-04-24T07:30:17.760Z"}
{"level":"info","message":"Account no.1005 has currency type Pound","timestamp":"2018-04-24T07:30:17.762Z"}
{"level":"info","message":"Account no.1006 has currency type Rupee","timestamp":"2018-04-24T07:30:17.764Z"}
{"level":"info","message":"transaction page is empty","timestamp":"2018-04-24T07:30:17.768Z"}
{"level":"info","message":"Balance is 2000 in the account","timestamp":"2018-04-24T07:30:17.773Z"}
{"level":"info","message":"Row value obtained","timestamp":"2018-04-24T07:30:17.776Z"}
{"level":"info","message":"Harry Potter customer login page verified","timestamp":"2018-04-24T07:32:17.482Z"}
{"level":"info","message":"Account no.1004 has currency type Dollar","timestamp":"2018-04-24T07:32:17.486Z"}
{"level":"info","message":"Account no.1005 has currency type Pound","timestamp":"2018-04-24T07:32:17.488Z"}
{"level":"info","message":"Account no.1006 has currency type Rupee","timestamp":"2018-04-24T07:32:17.490Z"}
{"level":"info","message":"transaction page is empty","timestamp":"2018-04-24T07:32:17.494Z"}
{"level":"info","message":"Balance is 2000 in the account","timestamp":"2018-04-24T07:32:17.498Z"}
{"level":"info","message":"Row value obtained","timestamp":"2018-04-24T07:32:17.501Z"}
{"level":"info","message":"column value obtained","timestamp":"2018-04-24T07:32:17.501Z"}
{"level":"info","message":"Harry Potter customer login page verified","timestamp":"2018-04-24T07:34:07.520Z"}
{"level":"info","message":"Account no.1004 has currency type Dollar","timestamp":"2018-04-24T07:34:07.521Z"}
{"level":"info","message":"Account no.1005 has currency type Pound","timestamp":"2018-04-24T07:34:07.521Z"}
{"level":"info","message":"Account no.1006 has currency type Rupee","timestamp":"2018-04-24T07:34:07.521Z"}
{"level":"info","message":"transaction page is empty","timestamp":"2018-04-24T07:34:07.521Z"}
{"level":"info","message":"Balance is 2000 in the account","timestamp":"2018-04-24T07:34:07.521Z"}
{"level":"info","message":"Harry Potter customer login page verified","timestamp":"2018-04-24T07:35:45.597Z"}
{"level":"info","message":"Account no.1004 has currency type Dollar","timestamp":"2018-04-24T07:35:45.601Z"}
{"level":"info","message":"Account no.1005 has currency type Pound","timestamp":"2018-04-24T07:35:45.603Z"}
{"level":"info","message":"Account no.1006 has currency type Rupee","timestamp":"2018-04-24T07:35:45.605Z"}
{"level":"info","message":"transaction page is empty","timestamp":"2018-04-24T07:35:45.610Z"}
{"level":"info","message":"Balance is 2000 in the account","timestamp":"2018-04-24T07:35:45.615Z"}
{"level":"info","message":"Row value obtained","timestamp":"2018-04-24T07:35:45.618Z"}
{"level":"info","message":"Harry Potter customer login page verified","timestamp":"2018-04-24T07:37:55.818Z"}
{"level":"info","message":"Account no.1004 has currency type Dollar","timestamp":"2018-04-24T07:37:55.822Z"}
{"level":"info","message":"Account no.1005 has currency type Pound","timestamp":"2018-04-24T07:37:55.824Z"}
{"level":"info","message":"Account no.1006 has currency type Rupee","timestamp":"2018-04-24T07:37:55.825Z"}
{"level":"info","message":"transaction page is empty","timestamp":"2018-04-24T07:37:55.828Z"}
{"level":"info","message":"Balance is 2000 in the account","timestamp":"2018-04-24T07:37:55.831Z"}
{"level":"info","message":"Row value obtained","timestamp":"2018-04-24T07:37:55.833Z"}
{"level":"info","message":"column value obtained","timestamp":"2018-04-24T07:37:55.834Z"}
{"level":"info","message":"Harry Potter customer login page verified","timestamp":"2018-04-24T07:39:01.634Z"}
{"level":"info","message":"Account no.1004 has currency type Dollar","timestamp":"2018-04-24T07:39:01.635Z"}
{"level":"info","message":"Account no.1005 has currency type Pound","timestamp":"2018-04-24T07:39:01.635Z"}
{"level":"info","message":"Account no.1006 has currency type Rupee","timestamp":"2018-04-24T07:39:01.635Z"}
{"level":"info","message":"transaction page is empty","timestamp":"2018-04-24T07:39:01.651Z"}
{"level":"info","message":"Balance is 2000 in the account","timestamp":"2018-04-24T07:39:01.651Z"}
{"level":"info","message":"Row value obtained","timestamp":"2018-04-24T07:39:01.651Z"}
{"level":"info","message":"column value obtained","timestamp":"2018-04-24T07:39:01.651Z"}
{"level":"info","message":"Harry Potter customer login page verified","timestamp":"2018-04-24T07:41:45.446Z"}
{"level":"info","message":"Account no.1004 has currency type Dollar","timestamp":"2018-04-24T07:41:45.449Z"}
{"level":"info","message":"Account no.1005 has currency type Pound","timestamp":"2018-04-24T07:41:45.451Z"}
{"level":"info","message":"Account no.1006 has currency type Rupee","timestamp":"2018-04-24T07:41:45.452Z"}
{"level":"info","message":"transaction page is empty","timestamp":"2018-04-24T07:41:45.456Z"}
{"level":"info","message":"Balance is 2000 in the account","timestamp":"2018-04-24T07:41:45.459Z"}
{"level":"info","message":"Row value obtained","timestamp":"2018-04-24T07:41:45.461Z"}
{"level":"info","message":"column value obtained","timestamp":"2018-04-24T07:41:45.461Z"}
{"level":"info","message":"Harry Potter customer login page verified","timestamp":"2018-04-24T07:43:23.201Z"}
{"level":"info","message":"Account no.1004 has currency type Dollar","timestamp":"2018-04-24T07:43:23.202Z"}
{"level":"info","message":"Account no.1005 has currency type Pound","timestamp":"2018-04-24T07:43:23.202Z"}
{"level":"info","message":"Account no.1006 has currency type Rupee","timestamp":"2018-04-24T07:43:23.202Z"}
{"level":"info","message":"transaction page is empty","timestamp":"2018-04-24T07:43:23.202Z"}
{"level":"info","message":"Balance is 2000 in the account","timestamp":"2018-04-24T07:43:23.202Z"}
{"level":"info","message":"Row value obtained","timestamp":"2018-04-24T07:43:23.202Z"}
{"level":"info","message":"column value obtained","timestamp":"2018-04-24T07:43:23.217Z"}
{"level":"info","message":"Harry Potter customer login page verified","timestamp":"2018-04-24T07:47:36.309Z"}
{"level":"info","message":"Account no.1004 has currency type Dollar","timestamp":"2018-04-24T07:47:36.313Z"}
{"level":"info","message":"Account no.1005 has currency type Pound","timestamp":"2018-04-24T07:47:36.314Z"}
{"level":"info","message":"Account no.1006 has currency type Rupee","timestamp":"2018-04-24T07:47:36.315Z"}
{"level":"info","message":"transaction page is empty","timestamp":"2018-04-24T07:47:36.318Z"}
{"level":"info","message":"Balance is 2000 in the account","timestamp":"2018-04-24T07:47:36.321Z"}
{"level":"info","message":"Harry Potter customer login page verified","timestamp":"2018-04-24T07:48:06.757Z"}
{"level":"info","message":"Account no.1004 has currency type Dollar","timestamp":"2018-04-24T07:48:06.760Z"}
{"level":"info","message":"Account no.1005 has currency type Pound","timestamp":"2018-04-24T07:48:06.761Z"}
{"level":"info","message":"Account no.1006 has currency type Rupee","timestamp":"2018-04-24T07:48:06.763Z"}
{"level":"info","message":"transaction page is empty","timestamp":"2018-04-24T07:48:06.766Z"}
{"level":"info","message":"Balance is 2000 in the account","timestamp":"2018-04-24T07:48:06.769Z"}
{"level":"info","message":"Row value obtained","timestamp":"2018-04-24T07:48:06.771Z"}
{"level":"info","message":"column value obtained","timestamp":"2018-04-24T07:48:06.772Z"}
{"level":"info","message":"Harry Potter customer login page verified","timestamp":"2018-04-24T07:49:31.219Z"}
{"level":"info","message":"Account no.1004 has currency type Dollar","timestamp":"2018-04-24T07:49:31.220Z"}
{"level":"info","message":"Account no.1005 has currency type Pound","timestamp":"2018-04-24T07:49:31.220Z"}
{"level":"info","message":"Account no.1006 has currency type Rupee","timestamp":"2018-04-24T07:49:31.220Z"}
{"level":"info","message":"transaction page is empty","timestamp":"2018-04-24T07:49:31.220Z"}
{"level":"info","message":"Balance is 2000 in the account","timestamp":"2018-04-24T07:49:31.220Z"}
{"level":"info","message":"Row value obtained","timestamp":"2018-04-24T07:49:31.220Z"}
{"level":"info","message":"column value obtained","timestamp":"2018-04-24T07:49:31.220Z"}
{"level":"info","message":"Harry Potter customer login page verified","timestamp":"2018-04-24T07:50:43.446Z"}
{"level":"info","message":"Account no.1004 has currency type Dollar","timestamp":"2018-04-24T07:50:43.447Z"}
{"level":"info","message":"Account no.1005 has currency type Pound","timestamp":"2018-04-24T07:50:43.447Z"}
{"level":"info","message":"Account no.1006 has currency type Rupee","timestamp":"2018-04-24T07:50:43.447Z"}
{"level":"info","message":"transaction page is empty","timestamp":"2018-04-24T07:50:43.462Z"}
{"level":"info","message":"Balance is 2000 in the account","timestamp":"2018-04-24T07:50:43.462Z"}
{"level":"info","message":"Harry Potter customer login page verified","timestamp":"2018-04-24T07:51:47.867Z"}
{"level":"info","message":"Account no.1004 has currency type Dollar","timestamp":"2018-04-24T07:51:47.868Z"}
{"level":"info","message":"Account no.1005 has currency type Pound","timestamp":"2018-04-24T07:51:47.868Z"}
{"level":"info","message":"Account no.1006 has currency type Rupee","timestamp":"2018-04-24T07:51:47.868Z"}
{"level":"info","message":"transaction page is empty","timestamp":"2018-04-24T07:51:47.868Z"}
{"level":"info","message":"Balance is 2000 in the account","timestamp":"2018-04-24T07:51:47.868Z"}
{"level":"info","message":"Row value obtained","timestamp":"2018-04-24T07:51:47.868Z"}
{"level":"info","message":"column value obtained","timestamp":"2018-04-24T07:51:47.868Z"}
{"level":"info","message":"Harry Potter customer login page verified","timestamp":"2018-04-24T07:52:47.039Z"}
{"level":"info","message":"Account no.1004 has currency type Dollar","timestamp":"2018-04-24T07:52:47.040Z"}
{"level":"info","message":"Account no.1005 has currency type Pound","timestamp":"2018-04-24T07:52:47.040Z"}
{"level":"info","message":"Account no.1006 has currency type Rupee","timestamp":"2018-04-24T07:52:47.040Z"}
{"level":"info","message":"transaction page is empty","timestamp":"2018-04-24T07:52:47.040Z"}
{"level":"info","message":"Balance is 2000 in the account","timestamp":"2018-04-24T07:52:47.040Z"}
{"level":"info","message":"Row value obtained","timestamp":"2018-04-24T07:52:47.040Z"}
{"level":"info","message":"column value obtained","timestamp":"2018-04-24T07:52:47.040Z"}
{"level":"info","message":"Harry Potter customer login page verified","timestamp":"2018-04-24T17:55:12.115Z"}
{"level":"info","message":"Account no.1004 has currency type Dollar","timestamp":"2018-04-24T17:55:12.119Z"}
{"level":"info","message":"Account no.1005 has currency type Pound","timestamp":"2018-04-24T17:55:12.123Z"}
{"level":"info","message":"Account no.1006 has currency type Rupee","timestamp":"2018-04-24T17:55:12.128Z"}
{"level":"info","message":"transaction page is empty","timestamp":"2018-04-24T17:55:12.228Z"}
{"level":"info","message":"Balance is 2000 in the account","timestamp":"2018-04-24T17:55:12.235Z"}
{"level":"info","message":"Row value obtained","timestamp":"2018-04-24T17:55:12.241Z"}
{"level":"info","message":"column value obtained","timestamp":"2018-04-24T17:55:12.242Z"}
{"level":"info","message":"Harry Potter customer login page verified","timestamp":"2018-04-24T17:56:04.261Z"}
{"level":"info","message":"Account no.1004 has currency type Dollar","timestamp":"2018-04-24T17:56:04.265Z"}
{"level":"info","message":"Account no.1005 has currency type Pound","timestamp":"2018-04-24T17:56:04.267Z"}
{"level":"info","message":"Account no.1006 has currency type Rupee","timestamp":"2018-04-24T17:56:04.268Z"}
{"level":"info","message":"transaction page is empty","timestamp":"2018-04-24T17:56:04.271Z"}
{"level":"info","message":"Balance is 2000 in the account","timestamp":"2018-04-24T17:56:04.275Z"}
{"level":"info","message":"Row value obtained","timestamp":"2018-04-24T17:56:04.277Z"}
{"level":"info","message":"column value obtained","timestamp":"2018-04-24T17:56:04.277Z"}
{"level":"info","message":"Harry Potter customer login page verified","timestamp":"2018-04-24T18:06:37.463Z"}
{"level":"info","message":"Account no.1004 has currency type Dollar","timestamp":"2018-04-24T18:06:37.477Z"}
{"level":"info","message":"Account no.1005 has currency type Pound","timestamp":"2018-04-24T18:06:37.482Z"}
{"level":"info","message":"Account no.1006 has currency type Rupee","timestamp":"2018-04-24T18:06:37.492Z"}
{"level":"info","message":"transaction page is empty","timestamp":"2018-04-24T18:06:37.498Z"}
{"level":"info","message":"Balance is 2000 in the account","timestamp":"2018-04-24T18:06:37.508Z"}
{"level":"info","message":"Row value obtained","timestamp":"2018-04-24T18:06:37.515Z"}
{"level":"info","message":"column value obtained","timestamp":"2018-04-24T18:06:37.516Z"}
{"level":"info","message":"Harry Potter customer login page verified","timestamp":"2018-04-24T18:11:39.402Z"}
{"level":"info","message":"Account no.1004 has currency type Dollar","timestamp":"2018-04-24T18:11:39.411Z"}
{"level":"info","message":"Account no.1005 has currency type Pound","timestamp":"2018-04-24T18:11:39.417Z"}
{"level":"info","message":"Account no.1006 has currency type Rupee","timestamp":"2018-04-24T18:11:39.422Z"}
{"level":"info","message":"transaction page is empty","timestamp":"2018-04-24T18:11:39.430Z"}
{"level":"info","message":"Balance is 2000 in the account","timestamp":"2018-04-24T18:11:39.445Z"}
{"level":"info","message":"Row value obtained","timestamp":"2018-04-24T18:11:39.453Z"}
{"level":"info","message":"column value obtained","timestamp":"2018-04-24T18:11:39.454Z"}
{"level":"info","message":"Harry Potter customer login page verified","timestamp":"2018-04-24T18:14:07.748Z"}
{"level":"info","message":"Account no.1004 has currency type Dollar","timestamp":"2018-04-24T18:14:07.756Z"}
{"level":"info","message":"Account no.1005 has currency type Pound","timestamp":"2018-04-24T18:14:07.759Z"}
{"level":"info","message":"Account no.1006 has currency type Rupee","timestamp":"2018-04-24T18:14:07.764Z"}
{"level":"info","message":"transaction page is empty","timestamp":"2018-04-24T18:14:07.773Z"}
{"level":"info","message":"Balance is 2000 in the account","timestamp":"2018-04-24T18:14:07.785Z"}
{"level":"info","message":"Row value obtained","timestamp":"2018-04-24T18:14:07.790Z"}
{"level":"info","message":"column value obtained","timestamp":"2018-04-24T18:14:07.791Z"}
{"level":"info","message":"Harry Potter customer login page verified","timestamp":"2018-04-24T18:25:13.666Z"}
{"level":"info","message":"Account no.1004 has currency type Dollar","timestamp":"2018-04-24T18:25:13.676Z"}
{"level":"info","message":"Account no.1005 has currency type Pound","timestamp":"2018-04-24T18:25:13.681Z"}
{"level":"info","message":"Account no.1006 has currency type Rupee","timestamp":"2018-04-24T18:25:13.687Z"}
{"level":"info","message":"transaction page is empty","timestamp":"2018-04-24T18:25:13.698Z"}
{"level":"info","message":"Balance is 2000 in the account","timestamp":"2018-04-24T18:25:13.711Z"}
{"level":"info","message":"Row value obtained","timestamp":"2018-04-24T18:25:13.718Z"}
{"level":"info","message":"column value obtained","timestamp":"2018-04-24T18:25:13.721Z"}
{"level":"info","message":"Harry Potter customer login page verified","timestamp":"2018-04-24T18:36:05.847Z"}
{"level":"info","message":"Account no.1004 has currency type Dollar","timestamp":"2018-04-24T18:36:05.856Z"}
{"level":"info","message":"Account no.1005 has currency type Pound","timestamp":"2018-04-24T18:36:05.862Z"}
{"level":"info","message":"Account no.1006 has currency type Rupee","timestamp":"2018-04-24T18:36:05.870Z"}
{"level":"info","message":"transaction page is empty","timestamp":"2018-04-24T18:36:05.877Z"}
{"level":"info","message":"Balance is 2000 in the account","timestamp":"2018-04-24T18:36:05.887Z"}
{"level":"info","message":"Harry Potter customer login page verified","timestamp":"2018-04-24T18:36:33.697Z"}
{"level":"info","message":"Account no.1004 has currency type Dollar","timestamp":"2018-04-24T18:36:33.705Z"}
{"level":"info","message":"Account no.1005 has currency type Pound","timestamp":"2018-04-24T18:36:33.709Z"}
{"level":"info","message":"Account no.1006 has currency type Rupee","timestamp":"2018-04-24T18:36:33.713Z"}
{"level":"info","message":"transaction page is empty","timestamp":"2018-04-24T18:36:33.724Z"}
{"level":"info","message":"Balance is 2000 in the account","timestamp":"2018-04-24T18:36:33.733Z"}
{"level":"info","message":"Row value obtained","timestamp":"2018-04-24T18:36:33.739Z"}
{"level":"info","message":"column value obtained","timestamp":"2018-04-24T18:36:33.741Z"}
{"level":"info","message":"Harry Potter customer login page verified","timestamp":"2018-04-24T21:11:38.107Z"}
{"level":"info","message":"Account no.1004 has currency type Dollar","timestamp":"2018-04-24T21:11:38.114Z"}
{"level":"info","message":"Account no.1005 has currency type Pound","timestamp":"2018-04-24T21:11:38.118Z"}
{"level":"info","message":"Account no.1006 has currency type Rupee","timestamp":"2018-04-24T21:11:38.121Z"}
{"level":"info","message":"transaction page is empty","timestamp":"2018-04-24T21:11:38.124Z"}
{"level":"info","message":"Balance is 2000 in the account","timestamp":"2018-04-24T21:11:38.133Z"}
{"level":"info","message":"Row value obtained","timestamp":"2018-04-24T21:11:38.135Z"}
{"level":"info","message":"column value obtained","timestamp":"2018-04-24T21:11:38.137Z"}
{"level":"info","message":"Harry Potter customer login page verified","timestamp":"2018-04-24T21:19:03.711Z"}
{"level":"info","message":"Account no.1004 has currency type Dollar","timestamp":"2018-04-24T21:19:03.715Z"}
{"level":"info","message":"Account no.1005 has currency type Pound","timestamp":"2018-04-24T21:19:03.718Z"}
{"level":"info","message":"Account no.1006 has currency type Rupee","timestamp":"2018-04-24T21:19:03.720Z"}
{"level":"info","message":"transaction page is empty","timestamp":"2018-04-24T21:19:03.725Z"}
{"level":"info","message":"Balance is 2000 in the account","timestamp":"2018-04-24T21:19:03.737Z"}
{"level":"info","message":"Row value obtained","timestamp":"2018-04-24T21:19:03.740Z"}
{"level":"info","message":"column value obtained","timestamp":"2018-04-24T21:19:03.741Z"}
{"level":"info","message":"Harry Potter customer login page verified","timestamp":"2018-04-24T21:30:12.867Z"}
{"level":"info","message":"Account no.1004 has currency type Dollar","timestamp":"2018-04-24T21:30:12.873Z"}
{"level":"info","message":"Account no.1005 has currency type Pound","timestamp":"2018-04-24T21:30:12.877Z"}
{"level":"info","message":"Account no.1006 has currency type Rupee","timestamp":"2018-04-24T21:30:12.878Z"}
{"level":"info","message":"transaction page is empty","timestamp":"2018-04-24T21:30:12.878Z"}
{"level":"info","message":"Balance is 2000 in the account","timestamp":"2018-04-24T21:30:12.878Z"}
{"level":"info","message":"Row value obtained","timestamp":"2018-04-24T21:30:12.893Z"}
{"level":"info","message":"Harry Potter customer login page verified","timestamp":"2018-04-24T23:30:33.757Z"}
{"level":"info","message":"Account no.1004 has currency type Dollar","timestamp":"2018-04-24T23:31:28.566Z"}
{"level":"info","message":"Account no.1005 has currency type Pound","timestamp":"2018-04-24T23:31:28.570Z"}
{"level":"info","message":"Account no.1006 has currency type Rupee","timestamp":"2018-04-24T23:31:28.572Z"}
{"level":"info","message":"transaction page is empty","timestamp":"2018-04-25T00:07:37.927Z"}
{"level":"info","message":"transaction page is empty","timestamp":"2018-04-25T00:11:30.216Z"}
{"level":"info","message":"transaction page is empty","timestamp":"2018-04-25T00:13:56.187Z"}
{"level":"info","message":"Balance is 2000 in the account","timestamp":"2018-04-25T00:24:37.449Z"}
{"level":"info","message":"Balance is 2000 in the account","timestamp":"2018-04-25T01:12:10.176Z"}
{"level":"info","message":"Balance is 2000 in the account","timestamp":"2018-04-25T01:17:58.843Z"}
{"level":"info","message":"Row value obtained","timestamp":"2018-04-25T01:18:06.205Z"}
{"level":"info","message":"Balance is 2000 in the account","timestamp":"2018-04-25T01:39:06.706Z"}
{"level":"info","message":"Row value obtained","timestamp":"2018-04-25T01:39:13.820Z"}
{"level":"info","message":"error message verified","timestamp":"2018-04-25T01:39:21.653Z"}
{"level":"info","message":"error message verified","timestamp":"2018-04-25T01:41:06.016Z"}
{"level":"info","message":"error message verified","timestamp":"2018-04-25T01:50:18.854Z"}
{"level":"info","message":"error message verified","timestamp":"2018-04-25T01:50:47.485Z"}
{"level":"info","message":"error message verified","timestamp":"2018-04-25T01:52:59.418Z"}
{"level":"info","message":"error message verified","timestamp":"2018-04-25T01:54:41.032Z"}
{"level":"info","message":"error message verified","timestamp":"2018-04-25T01:56:08.423Z"}
{"level":"info","message":"error message verified","timestamp":"2018-04-25T01:58:31.705Z"}
{"level":"info","message":"error message verified","timestamp":"2018-04-25T02:01:09.784Z"}
{"level":"info","message":"error message verified","timestamp":"2018-04-25T02:02:08.826Z"}
{"level":"info","message":"error message verified","timestamp":"2018-04-25T02:06:04.859Z"}
{"level":"info","message":"error message verified","timestamp":"2018-04-25T02:09:31.047Z"}
{"level":"info","message":"error message verified","timestamp":"2018-04-25T02:10:36.949Z"}
{"level":"info","message":"error message verified","timestamp":"2018-04-25T02:12:46.863Z"}
{"level":"info","message":"error message verified","timestamp":"2018-04-25T02:15:01.062Z"}
{"level":"info","message":"Withdraw message verified","timestamp":"2018-04-25T02:25:37.320Z"}
{"level":"info","message":"error message verified","timestamp":"2018-04-25T02:31:56.080Z"}
{"level":"info","message":"Withdraw message verified","timestamp":"2018-04-25T02:32:03.993Z"}
{"level":"info","message":"Withdraw message verified","timestamp":"2018-04-25T02:34:01.440Z"}
{"level":"info","message":"Balance is 2000 in the account","timestamp":"2018-04-25T02:34:46.069Z"}
{"level":"info","message":"Withdraw message verified","timestamp":"2018-04-25T02:34:53.448Z"}
{"level":"info","message":"Balance is 2000 in the account","timestamp":"2018-04-25T02:37:14.444Z"}
{"level":"info","message":"Withdraw message verified","timestamp":"2018-04-25T02:37:21.761Z"}
{"level":"info","message":"Row value obtained","timestamp":"2018-04-25T02:37:30.415Z"}
{"level":"info","message":"Balance is 2000 in the account","timestamp":"2018-04-25T02:40:00.045Z"}
{"level":"info","message":"Withdraw message verified","timestamp":"2018-04-25T02:40:07.580Z"}
{"level":"info","message":"Balance is 2000 in the account","timestamp":"2018-04-25T02:41:22.851Z"}
{"level":"info","message":"Withdraw message verified","timestamp":"2018-04-25T02:41:30.614Z"}
{"level":"info","message":"Row value obtained","timestamp":"2018-04-25T02:41:39.314Z"}
{"level":"info","message":"Balance is 2000 in the account","timestamp":"2018-04-25T05:11:10.377Z"}
{"level":"info","message":"Withdraw message verified","timestamp":"2018-04-25T05:11:18.178Z"}
{"level":"info","message":"Row value obtained","timestamp":"2018-04-25T05:11:26.805Z"}
{"level":"info","message":"Row is empty","timestamp":"2018-04-25T05:11:34.780Z"}
{"level":"info","message":"Balance is 2000 in the account","timestamp":"2018-04-25T05:17:04.303Z"}
{"level":"info","message":"Withdraw message verified","timestamp":"2018-04-25T05:17:11.575Z"}
{"level":"info","message":"Balance is 2000 in the account","timestamp":"2018-04-25T05:19:51.255Z"}
{"level":"info","message":"Withdraw message verified","timestamp":"2018-04-25T05:19:58.652Z"}
{"level":"info","message":"Balance is 2000 in the account","timestamp":"2018-04-25T05:25:14.016Z"}
{"level":"info","message":"Withdraw message verified","timestamp":"2018-04-25T05:25:21.328Z"}
{"level":"info","message":"Row value obtained","timestamp":"2018-04-25T05:25:29.940Z"}
{"level":"info","message":"Balance is 2000 in the account","timestamp":"2018-04-25T05:26:35.784Z"}
{"level":"info","message":"Withdraw message verified","timestamp":"2018-04-25T05:26:43.031Z"}
{"level":"info","message":"Row value obtained","timestamp":"2018-04-25T05:26:51.793Z"}
{"level":"info","message":"Row is empty","timestamp":"2018-04-25T05:26:59.772Z"}
{"level":"info","message":"Balance is 2000 in the account","timestamp":"2018-04-25T05:31:58.518Z"}
{"level":"info","message":"Withdraw message verified","timestamp":"2018-04-25T05:32:06.005Z"}
{"level":"info","message":"Balance is 2000 in the account","timestamp":"2018-04-25T05:33:26.524Z"}
{"level":"info","message":"Withdraw message verified","timestamp":"2018-04-25T05:33:34.735Z"}
{"level":"info","message":"Row value obtained","timestamp":"2018-04-25T05:33:43.692Z"}
{"level":"info","message":"Balance is 2000 in the account","timestamp":"2018-04-25T05:37:17.395Z"}
{"level":"info","message":"Withdraw message verified","timestamp":"2018-04-25T05:37:25.018Z"}
{"level":"info","message":"Row value obtained","timestamp":"2018-04-25T05:37:33.529Z"}
{"level":"info","message":"Row is empty","timestamp":"2018-04-25T05:37:41.398Z"}
{"level":"info","message":"Balance is 2000 in the account","timestamp":"2018-04-25T05:38:41.995Z"}
{"level":"info","message":"Withdraw message verified","timestamp":"2018-04-25T05:38:49.353Z"}
{"level":"info","message":"Row value obtained","timestamp":"2018-04-25T05:38:57.775Z"}
{"level":"info","message":"Row is empty","timestamp":"2018-04-25T05:39:05.690Z"}
{"level":"info","message":"Balance is 2000 in the account","timestamp":"2018-04-25T05:40:09.264Z"}
{"level":"info","message":"Withdraw message verified","timestamp":"2018-04-25T05:40:16.857Z"}
{"level":"info","message":"Row value obtained","timestamp":"2018-04-25T05:40:25.656Z"}
{"level":"info","message":"Row is empty","timestamp":"2018-04-25T05:40:33.630Z"}
{"level":"info","message":"Balance is 2000 in the account","timestamp":"2018-04-25T05:56:11.611Z"}
{"level":"info","message":"Withdraw message verified","timestamp":"2018-04-25T05:56:19.306Z"}
{"level":"info","message":"Row value obtained","timestamp":"2018-04-25T05:56:28.152Z"}
{"level":"info","message":"Row is empty","timestamp":"2018-04-25T05:56:36.110Z"}
{"level":"info","message":"Balance is 2000 in the account","timestamp":"2018-04-25T05:58:49.398Z"}
{"level":"info","message":"Withdraw message verified","timestamp":"2018-04-25T05:58:56.825Z"}
{"level":"info","message":"Row value obtained","timestamp":"2018-04-25T05:59:05.626Z"}
{"level":"info","message":"Row is empty","timestamp":"2018-04-25T05:59:13.487Z"}
{"level":"info","message":"Balance is 2000 in the account","timestamp":"2018-04-25T06:00:36.081Z"}
{"level":"info","message":"Withdraw message verified","timestamp":"2018-04-25T06:00:43.649Z"}
{"level":"info","message":"Row value obtained","timestamp":"2018-04-25T06:00:52.371Z"}
{"level":"info","message":"Row is empty","timestamp":"2018-04-25T06:01:00.306Z"}
{"level":"info","message":"Balance is 2000 in the account","timestamp":"2018-04-25T06:02:05.025Z"}
{"level":"info","message":"Withdraw message verified","timestamp":"2018-04-25T06:02:12.772Z"}
{"level":"info","message":"Row value obtained","timestamp":"2018-04-25T06:02:21.655Z"}
{"level":"info","message":"Row is empty","timestamp":"2018-04-25T06:02:29.641Z"}
{"level":"info","message":"Balance is 2000 in the account","timestamp":"2018-04-25T06:03:29.999Z"}
{"level":"info","message":"Withdraw message verified","timestamp":"2018-04-25T06:03:37.554Z"}
{"level":"info","message":"Row value obtained","timestamp":"2018-04-25T06:03:46.435Z"}
{"level":"info","message":"Row is empty","timestamp":"2018-04-25T06:04:05.839Z"}
{"level":"info","message":"Balance is 2000 in the account","timestamp":"2018-04-25T06:04:42.100Z"}
{"level":"info","message":"Withdraw message verified","timestamp":"2018-04-25T06:04:49.120Z"}
{"level":"info","message":"Row value obtained","timestamp":"2018-04-25T06:04:57.923Z"}
{"level":"info","message":"Row is empty","timestamp":"2018-04-25T06:05:05.936Z"}
{"level":"info","message":"Login page verified","timestamp":"2018-04-25T18:02:16.799Z"}
{"level":"info","message":"Bank Manager Login verified","timestamp":"2018-04-25T18:02:20.662Z"}
{"level":"info","message":"Login page verified","timestamp":"2018-04-25T18:03:46.257Z"}
{"level":"info","message":"Bank Manager Login verified","timestamp":"2018-04-25T18:05:52.548Z"}
{"level":"info","message":"Bank Manager Login verified","timestamp":"2018-04-25T18:06:45.296Z"}
{"level":"info","message":"Bank Manager Login verified","timestamp":"2018-04-25T18:10:32.406Z"}
{"level":"info","message":"Bank Manager Login verified","timestamp":"2018-04-25T18:11:59.017Z"}
{"level":"info","message":"Bank Manager Login verified","timestamp":"2018-04-25T18:13:54.079Z"}
{"level":"info","message":"Manager page Verified","timestamp":"2018-04-25T18:13:54.088Z"}
{"level":"info","message":"Bank Manager Login verified","timestamp":"2018-04-25T18:14:28.458Z"}
{"level":"info","message":"Manager page Verified","timestamp":"2018-04-25T18:14:28.467Z"}
{"level":"info","message":"Add Customer page verified","timestamp":"2018-04-25T18:15:50.540Z"}
{"level":"info","message":"Customer added","timestamp":"2018-04-25T18:15:50.544Z"}
{"level":"info","message":"Open Customer page verified","timestamp":"2018-04-25T18:16:55.793Z"}
{"level":"info","message":"Dollar Account opened","timestamp":"2018-04-25T18:16:55.798Z"}
{"level":"info","message":"Pound Account opened","timestamp":"2018-04-25T18:18:35.106Z"}
{"level":"info","message":"Rupee Account opened","timestamp":"2018-04-25T18:19:27.121Z"}
{"level":"info","message":"customer deleted","timestamp":"2018-04-25T18:20:21.528Z"}
{"level":"info","message":"customer deleted","timestamp":"2018-04-25T18:21:18.331Z"}
{"level":"info","message":"Login page verified","timestamp":"2018-04-25T19:34:23.467Z"}
{"level":"info","message":"Bank Manager Login verified","timestamp":"2018-04-25T19:34:27.316Z"}
{"level":"info","message":"Manager page Verified","timestamp":"2018-04-25T19:34:27.321Z"}
{"level":"info","message":"Add Customer page verified","timestamp":"2018-04-25T19:34:34.942Z"}
{"level":"info","message":"Customer added","timestamp":"2018-04-25T19:34:34.944Z"}
{"level":"info","message":"Open Customer page verified","timestamp":"2018-04-25T19:34:41.782Z"}
{"level":"info","message":"Dollar Account opened","timestamp":"2018-04-25T19:34:41.795Z"}
{"level":"info","message":"Pound Account opened","timestamp":"2018-04-25T19:34:47.994Z"}
{"level":"info","message":"Rupee Account opened","timestamp":"2018-04-25T19:34:53.773Z"}
{"level":"info","message":"customer deleted","timestamp":"2018-04-25T19:34:59.595Z"}
{"level":"info","message":"Login page verified","timestamp":"2018-04-25T21:15:03.563Z"}
{"level":"info","message":"Bank Manager Login verified","timestamp":"2018-04-25T21:15:07.332Z"}
{"level":"info","message":"Manager page Verified","timestamp":"2018-04-25T21:15:07.334Z"}
{"level":"info","message":"Add Customer page verified","timestamp":"2018-04-25T21:15:15.090Z"}
{"level":"info","message":"Customer added","timestamp":"2018-04-25T21:15:15.092Z"}
{"level":"info","message":"Open Customer page verified","timestamp":"2018-04-25T21:15:21.810Z"}
{"level":"info","message":"Dollar Account opened","timestamp":"2018-04-25T21:15:21.814Z"}
{"level":"info","message":"Pound Account opened","timestamp":"2018-04-25T21:15:28.180Z"}
{"level":"info","message":"Rupee Account opened","timestamp":"2018-04-25T21:15:34.251Z"}
{"level":"info","message":"customer deleted","timestamp":"2018-04-25T21:15:40.126Z"}
{"level":"info","message":"Login page verified","timestamp":"2018-04-25T21:29:04.605Z"}
{"level":"info","message":"Bank Manager Login verified","timestamp":"2018-04-25T21:29:08.235Z"}
{"level":"info","message":"Manager page Verified","timestamp":"2018-04-25T21:29:08.236Z"}
{"level":"info","message":"Add Customer page verified","timestamp":"2018-04-25T21:29:15.891Z"}
{"level":"info","message":"Customer added","timestamp":"2018-04-25T21:29:15.894Z"}
{"level":"info","message":"Open Customer page verified","timestamp":"2018-04-25T21:29:22.574Z"}
{"level":"info","message":"Dollar Account opened","timestamp":"2018-04-25T21:29:22.580Z"}
{"level":"info","message":"Pound Account opened","timestamp":"2018-04-25T21:29:28.916Z"}
{"level":"info","message":"Rupee Account opened","timestamp":"2018-04-25T21:29:34.820Z"}
{"level":"info","message":"customer deleted","timestamp":"2018-04-25T21:29:40.695Z"}
{"level":"info","message":"Harry Potter customer login page verified","timestamp":"2018-04-25T21:29:48.303Z"}
{"level":"info","message":"Account no.1004 has currency type Dollar","timestamp":"2018-04-25T21:29:52.949Z"}
{"level":"info","message":"Account no.1005 has currency type Pound","timestamp":"2018-04-25T21:29:52.957Z"}
{"level":"info","message":"Account no.1006 has currency type Rupee","timestamp":"2018-04-25T21:29:52.961Z"}
{"level":"info","message":"transaction page is empty","timestamp":"2018-04-25T21:30:03.298Z"}
{"level":"info","message":"Balance is 2000 in the account","timestamp":"2018-04-25T21:30:10.216Z"}
{"level":"info","message":"Row value obtained","timestamp":"2018-04-25T21:30:17.264Z"}
{"level":"info","message":"error message verified","timestamp":"2018-04-25T21:30:25.289Z"}
{"level":"info","message":"Withdraw message verified","timestamp":"2018-04-25T21:30:31.872Z"}
{"level":"info","message":"Row value obtained","timestamp":"2018-04-25T21:30:40.192Z"}
{"level":"info","message":"Row is empty","timestamp":"2018-04-25T21:30:48.177Z"}
